build/app/outputs/mapping/release/usage.txt
com.kardusinfo.rc_app.R$id
com.kardusinfo.rc_app.R$attr
com.kardusinfo.rc_app.R$layout
com.kardusinfo.rc_app.R$color
com.kardusinfo.rc_app.R$style
com.kardusinfo.rc_app.R$mipmap
com.kardusinfo.rc_app.BuildConfig
com.kardusinfo.rc_app.R$styleable
com.kardusinfo.rc_app.R$string
com.kardusinfo.rc_app.R$drawable
com.kardusinfo.rc_app.R$dimen
com.kardusinfo.rc_app.R
com.kardusinfo.rc_app.R$integer
...
kotlin.collections.ArraysKt___ArraysKt$asIterable$$inlined$Iterable$7
com.google.common.base.CharMatcher$And
com.google.common.collect.Collections2$OrderedPermutationCollection
com.google.common.collect.Lists$TransformingSequentialList
com.google.common.base.Suppliers$SupplierFunction
kotlin.coroutines.experimental.SafeContinuation$Companion
com.google.common.collect.TreeRangeSet$AsRanges
androidx.core.util.PatternsCompat
javax.annotation.meta.TypeQualifierValidator
kotlin.sequences.SequencesKt__SequencesKt$ifEmpty$1
com.google.common.io.CharSequenceReader
kotlin.ranges.ClosedDoubleRange
com.google.common.reflect.ClassPath$DefaultScanner
com.google.common.eventbus.SubscriberRegistry$MethodIdentifier
kotlin.sequences.USequencesKt___USequencesKt
com.google.common.collect.MapMakerInternalMap$WeakKeyStrongValueEntry
com.google.common.collect.Multimap
io.flutter.plugins.urllauncher.UrlLauncherPlugin:
    public static void registerWith(io.flutter.plugin.common.PluginRegistry$Registrar)
    private static final java.lang.String TAG
com.google.common.base.FinalizableReference
com.google.common.collect.TreeRangeSet$SubRangeSetRangesByLowerBound$1
androidx.fragment.app.BackStackState$1
io.flutter.plugins.pathprovider.PathProviderPlugin:
    public static void registerWith(io.flutter.plugin.common.PluginRegistry$Registrar)
androidx.viewpager.widget.ViewPager$LayoutParams
androidx.core.content.pm.ShortcutInfoCompatSaver
io.flutter.embedding.engine.deferredcomponents.PlayStoreDeferredComponentManager$1
kotlin.sequences.SequencesKt___SequencesKt$minus$3$iterator$1
androidx.fragment.app.FragmentTransitionCompat21
com.google.common.base.Supplier
javax.annotation.ParametersAreNonnullByDefault
com.google.common.collect.MapMakerInternalMap$Strength$2
com.google.common.collect.AbstractMultiset$ElementSet
androidx.core.app.ShareCompat$IntentReader
androidx.annotation.MainThread
com.google.common.annotations.Beta
io.flutter.app.FlutterActivity
androidx.core.app.BundleCompat$BundleCompatBaseImpl
com.google.common.reflect.TypeToken$InterfaceSet
com.google.common.collect.AbstractMapBasedMultimap$WrappedSet
kotlin.sequences.EmptySequence
kotlin.text.StringsKt__StringNumberConversionsJVMKt
io.flutter.embedding.android.FlutterView:
    public void <init>(android.content.Context)
    public void <init>(android.content.Context,io.flutter.embedding.android.FlutterView$RenderMode)
    public void <init>(android.content.Context,io.flutter.embedding.android.FlutterView$TransparencyMode)
    public void <init>(android.content.Context,io.flutter.embedding.android.FlutterImageView)
    public void <init>(android.content.Context,android.util.AttributeSet)
    public void <init>(android.content.Context,io.flutter.embedding.android.FlutterView$RenderMode,io.flutter.embedding.android.FlutterView$TransparencyMode)
    private void <init>(android.content.Context,android.util.AttributeSet,io.flutter.embedding.android.FlutterImageView)
    private static final java.lang.String TAG
androidx.core.text.BidiFormatter$Builder
kotlin.jvm.functions.FunctionN
com.google.common.reflect.package-info
io.flutter.embedding.engine.mutatorsstack.FlutterMutatorView:
    public void <init>(android.content.Context)
com.google.common.collect.ForwardingMultiset
kotlin.collections.MapWithDefaultImpl
kotlin.random.RandomKt
kotlin.jvm.internal.PropertyReference1
io.flutter.embedding.android.FlutterFragmentActivity$CachedEngineIntentBuilder
kotlin.UNumbersKt
androidx.core.telephony.mbms.MbmsHelper
com.google.common.collect.Multisets$3$1
kotlin.sequences.TakeWhileSequence
com.google.common.collect.ForwardingDeque
androidx.fragment.app.FragmentManagerImpl$FragmentLifecycleCallbacksHolder
com.google.common.escape.Escaper
androidx.lifecycle.LiveData$ObserverWrapper:
    void <init>(androidx.lifecycle.LiveData,androidx.lifecycle.Observer)
    abstract boolean shouldBeActive()
    boolean isAttachedTo(androidx.lifecycle.LifecycleOwner)
    void detachObserver()
    int mLastVersion